<?xml version="1.0" encoding="UTF-8"?>
<!-- Generated by org.testng.reporters.JUnitXMLReporter -->
<testsuite hostname="Adi-PC" tests="4" failures="2" timestamp="11 Jun 2018 22:25:50 GMT" time="2.433" errors="0">
  <testcase name="Adi" time="0.02" classname="ExtentReportsClass">
    <failure type="java.lang.AssertionError" message="Didn&amp;apos;t work expected [true] but found [false]">
      <![CDATA[java.lang.AssertionError: Didn't work expected [true] but found [false]
	at ExtentReportsClass.Adi(ExtentReportsClass.java:58)
... Removed 28 stack frames]]>
    </failure>
  </testcase> <!-- Adi -->
  <testcase name="failTest" time="0.0" classname="ExtentReportsClass">
    <failure type="java.lang.AssertionError" message="expected [true] but found [false]">
      <![CDATA[java.lang.AssertionError: expected [true] but found [false]
	at ExtentReportsClass.failTest(ExtentReportsClass.java:82)
... Removed 28 stack frames]]>
    </failure>
  </testcase> <!-- failTest -->
  <testcase name="passTest" time="0.0" classname="ExtentReportsClass"/>
  <testcase name="skipTest" time="0.002" classname="ExtentReportsClass">
    <skipped/>
  </testcase> <!-- skipTest -->
</testsuite>
